<?xml version="1.0" encoding="UTF-8"?>
<!-- Generated by org.testng.reporters.JUnitXMLReporter -->
<testsuite hostname="DESKTOP-QH7MF66" ignored="4" name="Command line test" tests="6" failures="1" timestamp="08 Apr 2020 10:13:32 GMT" time="2.773" errors="0">
  <testcase name="@BeforeTest setUpParameters" time="0.0" classname="com.newtours.Tests.BookFlightTest">
    <failure type="org.testng.TestNGException" message="
Parameter &amp;apos;noOfPassengers&amp;apos; is required by BeforeTest on method setUpParameters but has not been marked @Optional or defined
">
      <![CDATA[org.testng.TestNGException: 
Parameter 'noOfPassengers' is required by BeforeTest on method setUpParameters but has not been marked @Optional or defined

... Removed 31 stack frames]]>
    </failure>
  </testcase> <!-- @BeforeTest setUpParameters -->
  <testcase name="@AfterTest tearDown" time="0.0" classname="tests.BaseTest">
    <skipped/>
  </testcase> <!-- @AfterTest tearDown -->
  <testcase name="registrationPageTest" time="0.0" classname="com.newtours.Tests.BookFlightTest">
    <skipped/>
  </testcase> <!-- registrationPageTest -->
  <testcase name="registrationConfirmationPage" time="0.0" classname="com.newtours.Tests.BookFlightTest">
    <skipped/>
  </testcase> <!-- registrationConfirmationPage -->
  <testcase name="flightDetailsPage" time="0.0" classname="com.newtours.Tests.BookFlightTest">
    <skipped/>
  </testcase> <!-- flightDetailsPage -->
  <testcase name="findFlightpage" time="0.0" classname="com.newtours.Tests.BookFlightTest">
    <skipped/>
  </testcase> <!-- findFlightpage -->
  <testcase name="flightConfirmationPage" time="0.0" classname="com.newtours.Tests.BookFlightTest">
    <skipped/>
  </testcase> <!-- flightConfirmationPage -->
  <testcase name="search" time="0.0" classname="com.searchmodule.tests.SearchTest">
    <failure type="org.testng.TestNGException" message="
Parameter &amp;apos;keyword&amp;apos; is required by @Test on method search but has not been marked @Optional or defined
">
      <![CDATA[org.testng.TestNGException: 
Parameter 'keyword' is required by @Test on method search but has not been marked @Optional or defined

... Removed 34 stack frames]]>
    </failure>
  </testcase> <!-- search -->
  <testcase name="@BeforeTest setUpDriver" time="0.0" classname="tests.BaseTest">
    <ignored/>
  </testcase> <!-- @BeforeTest setUpDriver -->
  <testcase name="@BeforeTest setUpDriver" time="0.0" classname="tests.BaseTest">
    <ignored/>
  </testcase> <!-- @BeforeTest setUpDriver -->
  <testcase name="@AfterTest tearDown" time="0.0" classname="tests.BaseTest">
    <ignored/>
  </testcase> <!-- @AfterTest tearDown -->
  <testcase name="@AfterTest tearDown" time="0.0" classname="tests.BaseTest">
    <ignored/>
  </testcase> <!-- @AfterTest tearDown -->
</testsuite> <!-- Command line test -->
